<?xml version="1.0" encoding="UTF-8"?>
<testng-results skipped="0" failed="0" ignored="0" total="1" passed="1">
  <reporter-output>
  </reporter-output>
  <suite name="Suite" duration-ms="2391" started-at="2022-01-30T10:10:22 UTC" finished-at="2022-01-30T10:10:25 UTC">
    <groups>
    </groups>
    <test name="Test" duration-ms="2391" started-at="2022-01-30T10:10:22 UTC" finished-at="2022-01-30T10:10:25 UTC">
      <class name="com.main.FirstClassInMaven">
        <test-method status="PASS" signature="mathod()[pri:0, instance:com.main.FirstClassInMaven@5700d6b1]" name="mathod" duration-ms="2359" started-at="2022-01-30T10:10:22 UTC" finished-at="2022-01-30T10:10:25 UTC">
          <reporter-output>
          </reporter-output>
        </test-method> <!-- mathod -->
      </class> <!-- com.main.FirstClassInMaven -->
    </test> <!-- Test -->
  </suite> <!-- Suite -->
</testng-results>
