<?xml version="1.0" encoding="UTF-8"?>
<testng-results skipped="0" failed="0" ignored="0" total="1" passed="1">
  <reporter-output>
  </reporter-output>
  <suite name="Default suite" duration-ms="1505" started-at="2022-01-28T14:47:36 UTC" finished-at="2022-01-28T14:47:38 UTC">
    <groups>
    </groups>
    <test name="Default test" duration-ms="1505" started-at="2022-01-28T14:47:36 UTC" finished-at="2022-01-28T14:47:38 UTC">
      <class name="com.main.FirstClassInMaven">
        <test-method status="PASS" signature="mathod()[pri:0, instance:com.main.FirstClassInMaven@52feb982]" name="mathod" duration-ms="1450" started-at="2022-01-28T14:47:36 UTC" finished-at="2022-01-28T14:47:38 UTC">
          <reporter-output>
          </reporter-output>
        </test-method> <!-- mathod -->
      </class> <!-- com.main.FirstClassInMaven -->
    </test> <!-- Default test -->
  </suite> <!-- Default suite -->
</testng-results>
